<?xml version="1.0" encoding="UTF-8"?>
<!-- Generated by org.testng.reporters.JUnitXMLReporter -->
<testsuite ignored="2" hostname="LAPTOP-FL97G1RP" failures="0" tests="2" name="TestWithChrome" time="10.416" errors="0" timestamp="2023-07-07T18:56:28 IST">
  <testcase classname="com.qa.testcases.LoginTestCase" name="verifyLoginWithExcel" time="0.55"/>
  <testcase classname="com.qa.testcases.AddAddress" name="verifyAddAddress" time="1.965"/>
  <testcase classname="com.qa.baseclass.BaseClass" name="@AfterSuite closeBrowser" time="0.0">
    <ignored/>
  </testcase> <!-- @AfterSuite closeBrowser -->
  <testcase classname="com.qa.baseclass.BaseClass" name="@BeforeSuite loadConfig" time="0.0">
    <ignored/>
  </testcase> <!-- @BeforeSuite loadConfig -->
</testsuite> <!-- TestWithChrome -->
