<?xml version="1.0" encoding="UTF-8"?>
<!-- Generated by org.testng.reporters.JUnitXMLReporter -->
<testsuite ignored="8" hostname="LAPTOP-FL97G1RP" failures="0" tests="3" name="Test" time="21.866" errors="0" timestamp="2023-07-08T17:37:02 IST">
  <testcase classname="com.qa.testcases.HomePageTests" name="noofLinksInHomePage" time="0.088"/>
  <testcase classname="com.qa.testcases.LoginAndSearchPrd" name="searchAProduct" time="7.401"/>
  <testcase classname="com.qa.testcases.CartOperations" name="removeProductFromCart" time="0.078"/>
  <testcase classname="com.qa.baseclass.BaseClass" name="@BeforeSuite loadConfig" time="0.0">
    <ignored/>
  </testcase> <!-- @BeforeSuite loadConfig -->
  <testcase classname="com.qa.baseclass.BaseClass" name="@BeforeSuite loadConfig" time="0.0">
    <ignored/>
  </testcase> <!-- @BeforeSuite loadConfig -->
  <testcase classname="com.qa.baseclass.BaseClass" name="@AfterSuite closeBrowser" time="0.0">
    <ignored/>
  </testcase> <!-- @AfterSuite closeBrowser -->
  <testcase classname="com.qa.baseclass.BaseClass" name="@BeforeSuite loadConfig" time="0.0">
    <ignored/>
  </testcase> <!-- @BeforeSuite loadConfig -->
  <testcase classname="com.qa.baseclass.BaseClass" name="@AfterSuite closeBrowser" time="0.0">
    <ignored/>
  </testcase> <!-- @AfterSuite closeBrowser -->
  <testcase classname="com.qa.testcases.RegisterTestCases" name="registerAccountWithManadatoryFields" time="0.0">
    <ignored/>
  </testcase> <!-- registerAccountWithManadatoryFields -->
  <testcase classname="com.qa.testcases.HomePageTests" name="brokenLinksInHomePage" time="0.0">
    <ignored/>
  </testcase> <!-- brokenLinksInHomePage -->
  <testcase classname="com.qa.baseclass.BaseClass" name="@AfterSuite closeBrowser" time="0.0">
    <ignored/>
  </testcase> <!-- @AfterSuite closeBrowser -->
</testsuite> <!-- Test -->
