<?xml version="1.0" encoding="UTF-8"?>
<testsuite xmlns:xsi="http://www.w3.org/2001/XMLSchema-instance" xsi:noNamespaceSchemaLocation="https://maven.apache.org/surefire/maven-surefire-plugin/xsd/surefire-test-report.xsd" name="TestSuite" time="90.408" tests="19" errors="0" skipped="14" failures="5">
  <properties>
[...]
</properties>
  <testcase name="startTesting" classname="com.qa.testcases.AddAddress" time="46.565">
    <failure message="null value in entry: url=null" type="java.lang.NullPointerException">java.lang.NullPointerException: null value in entry: url=null
	at com.qa.testcases.AddAddress.startTesting(AddAddress.java:37)
</failure>
    <system-out><![CDATA[log4j: reset attribute= "false".
log4j: Threshold ="null".
log4j: Level value for root is  [debug].
log4j: root level set to DEBUG
log4j: Class name: [org.apache.log4j.ConsoleAppender]
log4j: Setting property [target] to [System.out].
log4j: Parsing layout of class: "org.apache.log4j.PatternLayout"
log4j: Setting property [conversionPattern] to [%d{yyyy-MM-dd HH:mm:ss} %-5p %c{1}:%L - %m%n].
log4j: Adding appender named [console] to category [root].
log4j: Class name: [org.apache.log4j.RollingFileAppender]
log4j: Setting property [file] to [Logs/log4j.log].
log4j: Parsing layout of class: "org.apache.log4j.PatternLayout"
log4j: Setting property [conversionPattern] to [%d{yyyy-MM-dd HH:mm:ss} %-5p %c{1}:%L - %m%n].
log4j: setFile called: Logs/log4j.log, true
log4j: setFile ended
log4j: Adding appender named [fileAppender] to category [root].
2023-07-08 17:34:13 DEBUG InternalLoggerFactory:89 - Using Log4J as the default logging framework
2023-07-08 17:34:13 DEBUG ResourceLeakDetector:129 - -Dio.netty.leakDetection.level: simple
2023-07-08 17:34:13 DEBUG ResourceLeakDetector:130 - -Dio.netty.leakDetection.targetRecords: 4
2023-07-08 17:34:13 DEBUG ResourceLeakDetectorFactory:196 - Loaded default ResourceLeakDetector: io.netty.util.ResourceLeakDetector@14e9a7fd
2023-07-08 17:34:13 DEBUG PlatformDependent0:496 - -Dio.netty.noUnsafe: false
2023-07-08 17:34:13 DEBUG PlatformDependent0:1000 - Java version: 20
2023-07-08 17:34:13 DEBUG PlatformDependent0:137 - sun.misc.Unsafe.theUnsafe: available
2023-07-08 17:34:13 DEBUG PlatformDependent0:161 - sun.misc.Unsafe.copyMemory: available
2023-07-08 17:34:13 DEBUG PlatformDependent0:193 - sun.misc.Unsafe.storeFence: available
2023-07-08 17:34:13 DEBUG PlatformDependent0:236 - java.nio.Buffer.address: available
2023-07-08 17:34:13 DEBUG PlatformDependent0:320 - direct buffer constructor: unavailable: Reflective setAccessible(true) disabled
2023-07-08 17:34:13 DEBUG PlatformDependent0:385 - java.nio.Bits.unaligned: available, true
2023-07-08 17:34:13 DEBUG PlatformDependent0:452 - jdk.internal.misc.Unsafe.allocateUninitializedArray(int): unavailable: class io.netty.util.internal.PlatformDependent0$7 cannot access class jdk.internal.misc.Unsafe (in module java.base) because module java.base does not export jdk.internal.misc to unnamed module @6973bf95
2023-07-08 17:34:13 DEBUG PlatformDependent0:482 - java.nio.DirectByteBuffer.<init>(long, int): unavailable
2023-07-08 17:34:13 DEBUG PlatformDependent:1159 - sun.misc.Unsafe: available
2023-07-08 17:34:13 DEBUG PlatformDependent:1270 - maxDirectMemory: 2061500416 bytes (maybe)
2023-07-08 17:34:13 DEBUG PlatformDependent:1289 - -Dio.netty.tmpdir: C:\Users\HP\AppData\Local\Temp (java.io.tmpdir)
2023-07-08 17:34:13 DEBUG PlatformDependent:1368 - -Dio.netty.bitMode: 64 (sun.arch.data.model)
2023-07-08 17:34:13 DEBUG PlatformDependent:1119 - Platform: Windows
2023-07-08 17:34:13 DEBUG PlatformDependent:178 - -Dio.netty.maxDirectMemory: -1 bytes
2023-07-08 17:34:13 DEBUG PlatformDependent:185 - -Dio.netty.uninitializedArrayAllocationThreshold: -1
2023-07-08 17:34:13 DEBUG CleanerJava9:71 - java.nio.ByteBuffer.cleaner(): available
2023-07-08 17:34:13 DEBUG PlatformDependent:205 - -Dio.netty.noPreferDirect: false
2023-07-08 17:34:13 DEBUG PlatformDependent:1010 - org.jctools-core.MpscChunkedArrayQueue: available
2023-07-08 17:34:13 DEBUG InternalThreadLocalMap:100 - -Dio.netty.threadLocalMap.stringBuilder.initialSize: 1024
2023-07-08 17:34:13 DEBUG InternalThreadLocalMap:101 - -Dio.netty.threadLocalMap.stringBuilder.maxSize: 4096
2023-07-08 17:34:13 DEBUG JdkSslContext:83 - Default protocols (JDK): [TLSv1.3, TLSv1.2] 
2023-07-08 17:34:13 DEBUG JdkSslContext:84 - Default cipher suites (JDK): [TLS_ECDHE_ECDSA_WITH_AES_256_GCM_SHA384, TLS_ECDHE_ECDSA_WITH_AES_128_GCM_SHA256, TLS_ECDHE_RSA_WITH_AES_128_GCM_SHA256, TLS_ECDHE_RSA_WITH_AES_256_GCM_SHA384, TLS_ECDHE_RSA_WITH_AES_128_CBC_SHA, TLS_ECDHE_RSA_WITH_AES_256_CBC_SHA, TLS_RSA_WITH_AES_128_GCM_SHA256, TLS_RSA_WITH_AES_128_CBC_SHA, TLS_RSA_WITH_AES_256_CBC_SHA, TLS_AES_128_GCM_SHA256, TLS_AES_256_GCM_SHA384]
2023-07-08 17:34:13 DEBUG GlobalEventExecutor:53 - -Dio.netty.globalEventExecutor.quietPeriodSeconds: 1
2023-07-08 17:34:13 DEBUG MultithreadEventLoopGroup:44 - -Dio.netty.eventLoopThreads: 24
2023-07-08 17:34:13 DEBUG NioEventLoop:110 - -Dio.netty.noKeySetOptimization: false
2023-07-08 17:34:13 DEBUG NioEventLoop:111 - -Dio.netty.selectorAutoRebuildThreshold: 512
2023-07-08 17:34:13 DEBUG PooledByteBufAllocator:157 - -Dio.netty.allocator.numHeapArenas: 24
2023-07-08 17:34:13 DEBUG PooledByteBufAllocator:158 - -Dio.netty.allocator.numDirectArenas: 24
2023-07-08 17:34:13 DEBUG PooledByteBufAllocator:160 - -Dio.netty.allocator.pageSize: 8192
2023-07-08 17:34:13 DEBUG PooledByteBufAllocator:165 - -Dio.netty.allocator.maxOrder: 9
2023-07-08 17:34:13 DEBUG PooledByteBufAllocator:169 - -Dio.netty.allocator.chunkSize: 4194304
2023-07-08 17:34:13 DEBUG PooledByteBufAllocator:170 - -Dio.netty.allocator.smallCacheSize: 256
2023-07-08 17:34:13 DEBUG PooledByteBufAllocator:171 - -Dio.netty.allocator.normalCacheSize: 64
2023-07-08 17:34:13 DEBUG PooledByteBufAllocator:172 - -Dio.netty.allocator.maxCachedBufferCapacity: 32768
2023-07-08 17:34:13 DEBUG PooledByteBufAllocator:173 - -Dio.netty.allocator.cacheTrimInterval: 8192
2023-07-08 17:34:13 DEBUG PooledByteBufAllocator:174 - -Dio.netty.allocator.cacheTrimIntervalMillis: 0
2023-07-08 17:34:13 DEBUG PooledByteBufAllocator:175 - -Dio.netty.allocator.useCacheForAllThreads: false
2023-07-08 17:34:13 DEBUG PooledByteBufAllocator:176 - -Dio.netty.allocator.maxCachedByteBuffersPerChunk: 1023
2023-07-08 17:34:13 DEBUG ByteBufUtil:88 - -Dio.netty.allocator.type: pooled
2023-07-08 17:34:13 DEBUG ByteBufUtil:97 - -Dio.netty.threadLocalDirectBufferSize: 0
2023-07-08 17:34:13 DEBUG ByteBufUtil:100 - -Dio.netty.maxThreadLocalCharBufferSize: 16384
2023-07-08 17:34:13 DEBUG DefaultChannelId:79 - -Dio.netty.processId: 32460 (auto-detected)
2023-07-08 17:34:13 DEBUG NetUtil:148 - -Djava.net.preferIPv4Stack: false
2023-07-08 17:34:13 DEBUG NetUtil:149 - -Djava.net.preferIPv6Addresses: false
2023-07-08 17:34:13 DEBUG NetUtilInitializations:145 - Loopback interface: lo (Software Loopback Interface 1, 127.0.0.1)
2023-07-08 17:34:13 DEBUG NetUtil:206 - Failed to get SOMAXCONN from sysctl and file \proc\sys\net\core\somaxconn. Default: 200
2023-07-08 17:34:13 DEBUG DefaultChannelId:101 - -Dio.netty.machineId: ac:50:de:ff:fe:d5:cf:7b (auto-detected)
2023-07-08 17:34:13 DEBUG AbstractByteBuf:63 - -Dio.netty.buffer.checkAccessible: true
2023-07-08 17:34:13 DEBUG AbstractByteBuf:64 - -Dio.netty.buffer.checkBounds: true
2023-07-08 17:34:13 DEBUG ResourceLeakDetectorFactory:196 - Loaded default ResourceLeakDetector: io.netty.util.ResourceLeakDetector@1f6557b3
2023-07-08 17:34:13 DEBUG Recycler:96 - -Dio.netty.recycler.maxCapacityPerThread: 4096
2023-07-08 17:34:13 DEBUG Recycler:97 - -Dio.netty.recycler.ratio: 8
2023-07-08 17:34:13 DEBUG Recycler:98 - -Dio.netty.recycler.chunkSize: 32
2023-07-08 17:34:13 DEBUG Recycler:99 - -Dio.netty.recycler.blocking: false
2023-07-08 17:34:13 DEBUG Recycler:100 - -Dio.netty.recycler.batchFastThreadLocalOnly: true
2023-07-08 17:34:15 DEBUG Brotli:38 - brotli4j not in the classpath; Brotli support will be unavailable.
2023-07-08 17:34:15 DEBUG ThreadLocalRandom:214 - -Dio.netty.initialSeedUniquifier: 0xa09a335f59a0f277
]]></system-out>
    <system-err><![CDATA[SLF4J: No SLF4J providers were found.
SLF4J: Defaulting to no-operation (NOP) logger implementation
SLF4J: See https://www.slf4j.org/codes.html#noProviders for further details.
java.io.FileNotFoundException: F:\Practice Work\Project WorkSpace1\TutoralNinjaProj\src\main\java\com\qa\testdata\testData.properties (The system cannot find the path specified)
	at java.base/java.io.FileInputStream.open0(Native Method)
	at java.base/java.io.FileInputStream.open(FileInputStream.java:219)
	at java.base/java.io.FileInputStream.<init>(FileInputStream.java:158)
	at com.qa.baseclass.BaseClass.propReadData(BaseClass.java:53)
	at com.qa.baseclass.BaseClass.loadConfig(BaseClass.java:42)
	at java.base/jdk.internal.reflect.DirectMethodHandleAccessor.invoke(DirectMethodHandleAccessor.java:104)
	at java.base/java.lang.reflect.Method.invoke(Method.java:578)
	at org.testng.internal.invokers.MethodInvocationHelper.invokeMethod(MethodInvocationHelper.java:139)
	at org.testng.internal.invokers.MethodInvocationHelper.invokeMethodConsideringTimeout(MethodInvocationHelper.java:69)
	at org.testng.internal.invokers.ConfigInvoker.invokeConfigurationMethod(ConfigInvoker.java:361)
	at org.testng.internal.invokers.ConfigInvoker.invokeConfigurations(ConfigInvoker.java:296)
	at org.testng.SuiteRunner.privateRun(SuiteRunner.java:376)
	at org.testng.SuiteRunner.run(SuiteRunner.java:330)
	at org.testng.SuiteRunnerWorker.runSuite(SuiteRunnerWorker.java:52)
	at org.testng.SuiteRunnerWorker.run(SuiteRunnerWorker.java:95)
	at org.testng.TestNG.runSuitesSequentially(TestNG.java:1256)
	at org.testng.TestNG.runSuitesLocally(TestNG.java:1176)
	at org.testng.TestNG.runSuites(TestNG.java:1099)
	at org.testng.TestNG.run(TestNG.java:1067)
	at org.apache.maven.surefire.testng.TestNGExecutor.run(TestNGExecutor.java:283)
	at org.apache.maven.surefire.testng.TestNGXmlTestSuite.execute(TestNGXmlTestSuite.java:75)
	at org.apache.maven.surefire.testng.TestNGProvider.invoke(TestNGProvider.java:120)
	at org.apache.maven.surefire.booter.ForkedBooter.invokeProviderInSameClassLoader(ForkedBooter.java:384)
	at org.apache.maven.surefire.booter.ForkedBooter.runSuitesInProcess(ForkedBooter.java:345)
	at org.apache.maven.surefire.booter.ForkedBooter.execute(ForkedBooter.java:126)
	at org.apache.maven.surefire.booter.ForkedBooter.main(ForkedBooter.java:418)
Jul 08, 2023 5:34:13 PM org.openqa.selenium.remote.service.DriverService$Builder getLogOutput
INFO: Driver logs no longer sent to console by default; https://www.selenium.dev/documentation/webdriver/drivers/service/#setting-log-output
Jul 08, 2023 5:34:13 PM org.openqa.selenium.remote.service.DriverService$Builder getLogOutput
INFO: Driver logs no longer sent to console by default; https://www.selenium.dev/documentation/webdriver/drivers/service/#setting-log-output
]]></system-err>
  </testcase>
  <testcase name="StartTest" classname="com.qa.testcases.HomePageTests" time="46.567">
    <failure message="null value in entry: url=null" type="java.lang.NullPointerException">java.lang.NullPointerException: null value in entry: url=null
	at com.qa.testcases.HomePageTests.StartTest(HomePageTests.java:36)
</failure>
  </testcase>
  <testcase name="verifyAddAddress" classname="com.qa.testcases.AddAddress" time="0">
    <skipped message="null value in entry: url=null"/>
  </testcase>
  <testcase name="noofLinksInHomePage" classname="com.qa.testcases.HomePageTests" time="0">
    <skipped message="null value in entry: url=null"/>
  </testcase>
  <testcase name="tearDown" classname="com.qa.testcases.AddAddress" time="0">
    <skipped/>
  </testcase>
  <testcase name="closeBrowserInstances" classname="com.qa.testcases.HomePageTests" time="0">
    <skipped/>
  </testcase>
  <testcase name="startLoginAndSearch" classname="com.qa.testcases.LoginAndSearchPrd" time="3.032">
    <failure message="null value in entry: url=null" type="java.lang.NullPointerException">java.lang.NullPointerException: null value in entry: url=null
	at com.qa.testcases.LoginAndSearchPrd.startLoginAndSearch(LoginAndSearchPrd.java:35)
</failure>
    <system-err><![CDATA[Jul 08, 2023 5:34:16 PM org.openqa.selenium.remote.service.DriverService$Builder getLogOutput
INFO: Driver logs no longer sent to console by default; https://www.selenium.dev/documentation/webdriver/drivers/service/#setting-log-output
]]></system-err>
  </testcase>
  <testcase name="searchAProduct" classname="com.qa.testcases.LoginAndSearchPrd" time="0">
    <skipped message="null value in entry: url=null"/>
  </testcase>
  <testcase name="tearDown" classname="com.qa.testcases.LoginAndSearchPrd" time="0">
    <skipped/>
  </testcase>
  <testcase name="startCartOperations" classname="com.qa.testcases.CartOperations" time="2.856">
    <failure message="null value in entry: url=null" type="java.lang.NullPointerException">java.lang.NullPointerException: null value in entry: url=null
	at com.qa.testcases.CartOperations.startCartOperations(CartOperations.java:28)
</failure>
    <system-err><![CDATA[Jul 08, 2023 5:34:19 PM org.openqa.selenium.remote.service.DriverService$Builder getLogOutput
INFO: Driver logs no longer sent to console by default; https://www.selenium.dev/documentation/webdriver/drivers/service/#setting-log-output
]]></system-err>
  </testcase>
  <testcase name="removeProductFromCart" classname="com.qa.testcases.CartOperations" time="0">
    <skipped message="null value in entry: url=null"/>
  </testcase>
  <testcase name="closeBrowserInstances" classname="com.qa.testcases.CartOperations" time="0">
    <skipped/>
  </testcase>
  <testcase name="startWithRegister" classname="com.qa.testcases.LoginTestCase" time="37.782">
    <failure message="null value in entry: url=null" type="java.lang.NullPointerException">java.lang.NullPointerException: null value in entry: url=null
	at com.qa.testcases.LoginTestCase.startWithRegister(LoginTestCase.java:33)
</failure>
    <system-err><![CDATA[Jul 08, 2023 5:34:58 PM org.openqa.selenium.remote.service.DriverService$Builder getLogOutput
INFO: Driver logs no longer sent to console by default; https://www.selenium.dev/documentation/webdriver/drivers/service/#setting-log-output
]]></system-err>
  </testcase>
  <testcase name="startWithRegister" classname="com.qa.testcases.LoginTestCase" time="0">
    <skipped/>
  </testcase>
  <testcase name="verifyLoginWithExcel" classname="com.qa.testcases.LoginTestCase" time="0">
    <skipped message="null value in entry: url=null"/>
  </testcase>
  <testcase name="tearDown" classname="com.qa.testcases.LoginTestCase" time="0">
    <skipped/>
  </testcase>
  <testcase name="tearDown" classname="com.qa.testcases.LoginTestCase" time="0">
    <skipped/>
  </testcase>
  <testcase name="verifyLoginWithInvalidPassword" classname="com.qa.testcases.LoginTestCase" time="0">
    <skipped message="null value in entry: url=null"/>
  </testcase>
  <testcase name="closeBrowser" classname="com.qa.testcases.LoginAndSearchPrd" time="0">
    <skipped/>
  </testcase>
</testsuite>